# JRE version: OpenJDK Runtime Environment (23.0+1) (build 23-valhalla+1-90)
# Java VM: OpenJDK 64-Bit Server VM (23-valhalla+1-90, mixed mode, emulated-client, sharing, tiered, compressed oops, compressed class ptrs, g1 gc, windows-amd64)
GC Precious Log:
 CardTable entry size: 512
 Card Set container configuration: InlinePtr #cards 5 size 8 Array Of Cards #cards 10 size 36 Howl #buckets 4 coarsen threshold 1843 Howl Bitmap #cards 512 size 80 coarsen threshold 460 Card regions per heap region 1 cards per card region 2048
 CPUs: 8 total, 8 available
 Memory: 7932M
 Large Page Support: Disabled
 NUMA Support: Disabled
 Compressed Oops: Enabled (32-bit)
 Heap Region Size: 1M
 Heap Min Capacity: 8M
 Heap Initial Capacity: 124M
 Heap Max Capacity: 1984M
 Pre-touch: Disabled
 Parallel Workers: 8
 Concurrent Workers: 2
 Concurrent Refinement Workers: 8
 Periodic GC: Disabled
Heap:
 garbage-first heap   total reserved 2031616K, committed 45056K, used 25969K [0x0000000084000000, 0x0000000100000000)
  region size 1024K, 3 young (3072K), 2 survivors (2048K)
 Metaspace       used 54254K, committed 54848K, reserved 1114112K
  class space    used 7957K, committed 8192K, reserved 1048576K
GC Heap History (20 events):
Event: 8.643 GC heap before
{Heap before GC invocations=4 (full 0):
 garbage-first heap   total reserved 2031616K, committed 45056K, used 35040K [0x0000000084000000, 0x0000000100000000)
  region size 1024K, 26 young (26624K), 4 survivors (4096K)
 Metaspace       used 23252K, committed 23744K, reserved 1114112K
  class space    used 3245K, committed 3456K, reserved 1048576K
}
Event: 8.650 GC heap after
{Heap after GC invocations=5 (full 0):
 garbage-first heap   total reserved 2031616K, committed 45056K, used 14559K [0x0000000084000000, 0x0000000100000000)
  region size 1024K, 4 young (4096K), 4 survivors (4096K)
 Metaspace       used 23252K, committed 23744K, reserved 1114112K
  class space    used 3245K, committed 3456K, reserved 1048576K
}
Event: 9.491 GC heap before
{Heap before GC invocations=5 (full 0):
 garbage-first heap   total reserved 2031616K, committed 45056K, used 35039K [0x0000000084000000, 0x0000000100000000)
  region size 1024K, 24 young (24576K), 4 survivors (4096K)
 Metaspace       used 25002K, committed 25472K, reserved 1114112K
  class space    used 3507K, committed 3712K, reserved 1048576K
}
Event: 9.498 GC heap after
{Heap after GC invocations=6 (full 0):
 garbage-first heap   total reserved 2031616K, committed 45056K, used 15721K [0x0000000084000000, 0x0000000100000000)
  region size 1024K, 2 young (2048K), 2 survivors (2048K)
 Metaspace       used 25002K, committed 25472K, reserved 1114112K
  class space    used 3507K, committed 3712K, reserved 1048576K
}
Event: 10.492 GC heap before
{Heap before GC invocations=6 (full 0):
 garbage-first heap   total reserved 2031616K, committed 45056K, used 36201K [0x0000000084000000, 0x0000000100000000)
  region size 1024K, 22 young (22528K), 2 survivors (2048K)
 Metaspace       used 27777K, committed 28224K, reserved 1114112K
  class space    used 3950K, committed 4160K, reserved 1048576K
}
Event: 10.498 GC heap after
{Heap after GC invocations=7 (full 0):
 garbage-first heap   total reserved 2031616K, committed 45056K, used 17052K [0x0000000084000000, 0x0000000100000000)
  region size 1024K, 3 young (3072K), 3 survivors (3072K)
 Metaspace       used 27777K, committed 28224K, reserved 1114112K
  class space    used 3950K, committed 4160K, reserved 1048576K
}
Event: 11.488 GC heap before
{Heap before GC invocations=7 (full 0):
 garbage-first heap   total reserved 2031616K, committed 45056K, used 37532K [0x0000000084000000, 0x0000000100000000)
  region size 1024K, 23 young (23552K), 3 survivors (3072K)
 Metaspace       used 31448K, committed 32000K, reserved 1114112K
  class space    used 4510K, committed 4736K, reserved 1048576K
}
Event: 11.496 GC heap after
{Heap after GC invocations=8 (full 0):
 garbage-first heap   total reserved 2031616K, committed 45056K, used 19186K [0x0000000084000000, 0x0000000100000000)
  region size 1024K, 3 young (3072K), 3 survivors (3072K)
 Metaspace       used 31448K, committed 32000K, reserved 1114112K
  class space    used 4510K, committed 4736K, reserved 1048576K
}
Event: 12.188 GC heap before
{Heap before GC invocations=8 (full 0):
 garbage-first heap   total reserved 2031616K, committed 45056K, used 34546K [0x0000000084000000, 0x0000000100000000)
  region size 1024K, 20 young (20480K), 3 survivors (3072K)
 Metaspace       used 33979K, committed 34496K, reserved 1114112K
  class space    used 4828K, committed 5056K, reserved 1048576K
}
Event: 12.194 GC heap after
{Heap after GC invocations=9 (full 0):
 garbage-first heap   total reserved 2031616K, committed 45056K, used 21202K [0x0000000084000000, 0x0000000100000000)
  region size 1024K, 2 young (2048K), 2 survivors (2048K)
 Metaspace       used 33979K, committed 34496K, reserved 1114112K
  class space    used 4828K, committed 5056K, reserved 1048576K
}
Event: 13.225 GC heap before
{Heap before GC invocations=10 (full 0):
 garbage-first heap   total reserved 2031616K, committed 45056K, used 38610K [0x0000000084000000, 0x0000000100000000)
  region size 1024K, 19 young (19456K), 2 survivors (2048K)
 Metaspace       used 38433K, committed 39040K, reserved 1114112K
  class space    used 5437K, committed 5696K, reserved 1048576K
}
Event: 13.230 GC heap after
{Heap after GC invocations=11 (full 0):
 garbage-first heap   total reserved 2031616K, committed 45056K, used 23085K [0x0000000084000000, 0x0000000100000000)
  region size 1024K, 2 young (2048K), 2 survivors (2048K)
 Metaspace       used 38433K, committed 39040K, reserved 1114112K
  class space    used 5437K, committed 5696K, reserved 1048576K
}
Event: 13.967 GC heap before
{Heap before GC invocations=11 (full 0):
 garbage-first heap   total reserved 2031616K, committed 45056K, used 38445K [0x0000000084000000, 0x0000000100000000)
  region size 1024K, 18 young (18432K), 2 survivors (2048K)
 Metaspace       used 42702K, committed 43328K, reserved 1114112K
  class space    used 6181K, committed 6464K, reserved 1048576K
}
Event: 13.972 GC heap after
{Heap after GC invocations=12 (full 0):
 garbage-first heap   total reserved 2031616K, committed 45056K, used 23745K [0x0000000084000000, 0x0000000100000000)
  region size 1024K, 1 young (1024K), 1 survivors (1024K)
 Metaspace       used 42702K, committed 43328K, reserved 1114112K
  class space    used 6181K, committed 6464K, reserved 1048576K
}
Event: 14.748 GC heap before
{Heap before GC invocations=12 (full 0):
 garbage-first heap   total reserved 2031616K, committed 45056K, used 38081K [0x0000000084000000, 0x0000000100000000)
  region size 1024K, 16 young (16384K), 1 survivors (1024K)
 Metaspace       used 46802K, committed 47424K, reserved 1114112K
  class space    used 6818K, committed 7104K, reserved 1048576K
}
Event: 14.752 GC heap after
{Heap after GC invocations=13 (full 0):
 garbage-first heap   total reserved 2031616K, committed 45056K, used 24558K [0x0000000084000000, 0x0000000100000000)
  region size 1024K, 2 young (2048K), 2 survivors (2048K)
 Metaspace       used 46802K, committed 47424K, reserved 1114112K
  class space    used 6818K, committed 7104K, reserved 1048576K
}
Event: 15.575 GC heap before
{Heap before GC invocations=14 (full 0):
 garbage-first heap   total reserved 2031616K, committed 45056K, used 37870K [0x0000000084000000, 0x0000000100000000)
  region size 1024K, 16 young (16384K), 2 survivors (2048K)
 Metaspace       used 49372K, committed 50048K, reserved 1114112K
  class space    used 7149K, committed 7424K, reserved 1048576K
}
Event: 15.580 GC heap after
{Heap after GC invocations=15 (full 0):
 garbage-first heap   total reserved 2031616K, committed 45056K, used 25654K [0x0000000084000000, 0x0000000100000000)
  region size 1024K, 2 young (2048K), 2 survivors (2048K)
 Metaspace       used 49372K, committed 50048K, reserved 1114112K
  class space    used 7149K, committed 7424K, reserved 1048576K
}
Event: 16.503 GC heap before
{Heap before GC invocations=15 (full 0):
 garbage-first heap   total reserved 2031616K, committed 45056K, used 37942K [0x0000000084000000, 0x0000000100000000)
  region size 1024K, 15 young (15360K), 2 survivors (2048K)
 Metaspace       used 54189K, committed 54784K, reserved 1114112K
  class space    used 7944K, committed 8192K, reserved 1048576K
}
Event: 16.509 GC heap after
{Heap after GC invocations=16 (full 0):
 garbage-first heap   total reserved 2031616K, committed 45056K, used 25969K [0x0000000084000000, 0x0000000100000000)
  region size 1024K, 2 young (2048K), 2 survivors (2048K)
 Metaspace       used 54189K, committed 54784K, reserved 1114112K
  class space    used 7944K, committed 8192K, reserved 1048576K
}

